\BOOKMARK [1][-]{section.1}{\376\377\151\202\217\360}{}% 1
\BOOKMARK [2][-]{subsection.1.1}{\376\377\174\373\176\337\173\200\116\313}{section.1}% 2
\BOOKMARK [2][-]{subsection.1.2}{\376\377\000N\000P\000U\000c\000o\000r\000e\173\200\116\313}{section.1}% 3
\BOOKMARK [2][-]{subsection.1.3}{\376\377\000N\000P\000U\000c\000o\000r\000e\000-\000C\000a\000n\000a\000r\000y\137\123\122\115\135\345\117\134}{section.1}% 4
\BOOKMARK [1][-]{section.2}{\376\377\000N\000P\000U\000c\000o\000r\000e\000\040\121\205\150\070\147\266\147\204\122\006\147\220}{}% 5
\BOOKMARK [2][-]{subsection.2.1}{\376\377\145\164\117\123\147\266\147\204\151\202\217\360}{section.2}% 6
\BOOKMARK [2][-]{subsection.2.2}{\376\377\217\333\172\013\173\241\164\006\152\041\127\127}{section.2}% 7
\BOOKMARK [3][-]{subsubsection.2.2.1}{\376\377\217\333\172\013\166\204\122\033\136\372}{subsection.2.2}% 8
\BOOKMARK [3][-]{subsubsection.2.2.2}{\376\377\217\333\172\013\166\204\214\003\136\246}{subsection.2.2}% 9
\BOOKMARK [2][-]{subsection.2.3}{\376\377\121\205\133\130\173\241\164\006\152\041\127\127}{section.2}% 10
\BOOKMARK [3][-]{subsubsection.2.3.1}{\376\377\121\205\150\070\206\132\142\337\127\060\127\100\172\172\225\364}{subsection.2.3}% 11
\BOOKMARK [3][-]{subsubsection.2.3.2}{\376\377\162\151\164\006\127\060\127\100\172\172\225\364\122\006\136\003}{subsection.2.3}% 12
\BOOKMARK [3][-]{subsubsection.2.3.3}{\376\377\127\060\127\100\172\172\225\364\145\160\143\156\176\323\147\204}{subsection.2.3}% 13
\BOOKMARK [3][-]{subsubsection.2.3.4}{\376\377\131\032\176\247\230\165\210\150\147\072\122\066}{subsection.2.3}% 14
\BOOKMARK [3][-]{subsubsection.2.3.5}{\376\377\230\165\227\142\225\031\213\357\131\004\164\006}{subsection.2.3}% 15
\BOOKMARK [3][-]{subsubsection.2.3.6}{\376\377\162\151\164\006\121\205\133\130\122\006\221\115}{subsection.2.3}% 16
\BOOKMARK [2][-]{subsection.2.4}{\376\377\145\207\116\366\174\373\176\337\152\041\127\127}{section.2}% 17
\BOOKMARK [3][-]{subsubsection.2.4.1}{\376\377\145\207\116\366\174\373\176\337\147\266\147\204}{subsection.2.4}% 18
\BOOKMARK [3][-]{subsubsection.2.4.2}{\376\377\000V\000F\000S\000\040\152\041\127\127\176\304\142\020}{subsection.2.4}% 19
\BOOKMARK [3][-]{subsubsection.2.4.3}{\376\377\145\207\116\366\142\275\214\141}{subsection.2.4}% 20
\BOOKMARK [2][-]{subsection.2.5}{\376\377\174\373\176\337\214\003\165\050\152\041\127\127}{section.2}% 21
\BOOKMARK [3][-]{subsubsection.2.5.1}{\376\377\174\373\176\337\214\003\165\050\147\072\122\066}{subsection.2.5}% 22
\BOOKMARK [3][-]{subsubsection.2.5.2}{\376\377\150\070\137\303\174\373\176\337\214\003\165\050}{subsection.2.5}% 23
\BOOKMARK [1][-]{section.3}{\376\377\117\030\121\110\176\247\214\003\136\246\174\373\176\337\166\204\213\276\213\241\116\016\133\236\163\260}{}% 24
\BOOKMARK [2][-]{subsection.3.1}{\376\377\214\003\136\246\174\373\176\337\157\024\217\333}{section.3}% 25
\BOOKMARK [3][-]{subsubsection.3.1.1}{\376\377\173\054\116\000\226\066\153\265\377\032\0008\176\247\117\030\121\110\176\247\226\037\122\027}{subsection.3.1}% 26
\BOOKMARK [3][-]{subsubsection.3.1.2}{\376\377\173\054\116\214\226\066\153\265\377\032\000L\000i\000n\000u\000x\000\040\000n\000i\000c\000e\000\040\120\074\150\007\121\306}{subsection.3.1}% 27
\BOOKMARK [3][-]{subsubsection.3.1.3}{\376\377\173\054\116\011\226\066\153\265\377\032\131\032\173\126\165\145\214\003\136\246\126\150}{subsection.3.1}% 28
\BOOKMARK [2][-]{subsection.3.2}{\376\377\150\070\137\303\145\160\143\156\176\323\147\204}{section.3}% 29
\BOOKMARK [3][-]{subsubsection.3.2.1}{\376\377\116\373\122\241\143\247\122\066\127\127\142\151\134\125}{subsection.3.2}% 30
\BOOKMARK [3][-]{subsubsection.3.2.2}{\376\377\131\032\176\247\226\037\122\027\176\323\147\204}{subsection.3.2}% 31
\BOOKMARK [2][-]{subsection.3.3}{\376\377\214\003\136\246\173\227\154\325\133\236\163\260}{section.3}% 32
\BOOKMARK [3][-]{subsubsection.3.3.1}{\376\377\217\333\172\013\121\145\226\037\220\073\217\221}{subsection.3.3}% 33
\BOOKMARK [3][-]{subsubsection.3.3.2}{\376\377\217\333\172\013\121\372\226\037\220\073\217\221}{subsection.3.3}% 34
\BOOKMARK [2][-]{subsection.3.4}{\376\377\166\370\121\163\174\373\176\337\214\003\165\050}{section.3}% 35
\BOOKMARK [3][-]{subsubsection.3.4.1}{\376\377\214\003\136\246\173\126\165\145\213\276\177\156\000\040\000\050\000s\000c\000h\000e\000d\000\137\000s\000e\000t\000s\000c\000h\000e\000d\000u\000l\000e\000r\000\051}{subsection.3.4}% 36
\BOOKMARK [3][-]{subsubsection.3.4.2}{\376\377\117\030\121\110\176\247\213\276\177\156\000\040\000\050\000s\000e\000t\000p\000r\000i\000o\000r\000i\000t\000y\000\051}{subsection.3.4}% 37
\BOOKMARK [1][-]{section.4}{\376\377\000L\000T\000P\000\040\155\113\213\325\121\174\133\271\140\047\145\071\217\333}{}% 38
\BOOKMARK [2][-]{subsection.4.1}{\376\377\000L\000T\000P\000\040\155\113\213\325\151\202\217\360}{section.4}% 39
\BOOKMARK [2][-]{subsection.4.2}{\376\377\166\356\122\115\147\000\131\047\166\204\225\356\230\230}{section.4}% 40
\BOOKMARK [2][-]{subsection.4.3}{\376\377\000/\000p\000r\000o\000c}{section.4}% 41
\BOOKMARK [3][-]{subsubsection.4.3.1}{\376\377\000/\000p\000r\000o\000c\000/\000s\000e\000l\000f\000/\000m\000a\000p\000s}{subsection.4.3}% 42
\BOOKMARK [3][-]{subsubsection.4.3.2}{\376\377\000/\000p\000r\000o\000c\000/\000[\000p\000i\000d\000]\000/\000s\000t\000a\000t}{subsection.4.3}% 43
\BOOKMARK [3][-]{subsubsection.4.3.3}{\376\377\000/\000p\000r\000o\000c\000/\000[\000p\000i\000d\000]\000/\000o\000o\000m\000\137\000s\000c\000o\000r\000e\000\137\000a\000d\000j}{subsection.4.3}% 44
\BOOKMARK [2][-]{subsection.4.4}{\376\377\145\366\225\364\133\120\174\373\176\337\133\214\125\204}{section.4}% 45
\BOOKMARK [3][-]{subsubsection.4.4.1}{\376\377\000G\000o\000l\000d\000f\000i\000s\000h\000\040\000R\000T\000C\000\040\232\161\122\250}{subsection.4.4}% 46
\BOOKMARK [3][-]{subsubsection.4.4.2}{\376\377\0006\0004\117\115\145\366\225\364\142\063\145\057\143\001}{subsection.4.4}% 47
\BOOKMARK [3][-]{subsubsection.4.4.3}{\376\377\000c\000l\000o\000c\000k\000\137\000n\000a\000n\000o\000s\000l\000e\000e\000p\000\040\145\071\217\333}{subsection.4.4}% 48
\BOOKMARK [2][-]{subsection.4.5}{\376\377\145\207\116\366\174\373\176\337\145\071\217\333}{section.4}% 49
\BOOKMARK [3][-]{subsubsection.4.5.1}{\376\377\000e\000x\000t\0004\000\040\000f\000t\000r\000u\000n\000c\000a\000t\000e\000\040\226\366\130\153\121\105}{subsection.4.5}% 50
\BOOKMARK [3][-]{subsubsection.4.5.2}{\376\377\000c\000h\000o\000w\000n\000\040\133\236\163\260}{subsection.4.5}% 51
\BOOKMARK [3][-]{subsubsection.4.5.3}{\376\377\000s\000y\000m\000l\000i\000n\000k\000a\000t\000\040\174\373\176\337\214\003\165\050}{subsection.4.5}% 52
\BOOKMARK [3][-]{subsubsection.4.5.4}{\376\377\215\357\137\204\232\214\213\301\130\236\137\072}{subsection.4.5}% 53
\BOOKMARK [2][-]{subsection.4.6}{\376\377\121\205\133\130\173\241\164\006\130\236\137\072}{section.4}% 54
\BOOKMARK [3][-]{subsubsection.4.6.1}{\376\377\000M\000A\000P\000\137\000S\000H\000A\000R\000E\000D\000\040\145\057\143\001}{subsection.4.6}% 55
\BOOKMARK [3][-]{subsubsection.4.6.2}{\376\377\000m\000a\000d\000v\000i\000s\000e\000\040\145\071\217\333}{subsection.4.6}% 56
\BOOKMARK [3][-]{subsubsection.4.6.3}{\376\377\000b\000r\000k\000\040\174\373\176\337\214\003\165\050\117\356\131\015}{subsection.4.6}% 57
\BOOKMARK [2][-]{subsection.4.7}{\376\377\174\373\176\337\214\003\165\050\117\356\131\015}{section.4}% 58
\BOOKMARK [3][-]{subsubsection.4.7.1}{\376\377\000d\000u\000p\0002\000/\000d\000u\000p\0003\000\040\117\356\131\015}{subsection.4.7}% 59
\BOOKMARK [3][-]{subsubsection.4.7.2}{\376\377\000s\000t\000a\000t\000x\000\040\145\071\217\333}{subsection.4.7}% 60
\BOOKMARK [3][-]{subsubsection.4.7.3}{\376\377\000f\000c\000n\000t\000l\000\040\145\207\116\366\225\001}{subsection.4.7}% 61
\BOOKMARK [3][-]{subsubsection.4.7.4}{\376\377\145\260\130\236\174\373\176\337\214\003\165\050}{subsection.4.7}% 62
\BOOKMARK [2][-]{subsection.4.8}{\376\377\225\031\213\357\131\004\164\006\211\304\203\003\123\026}{section.4}% 63
\BOOKMARK [3][-]{subsubsection.4.8.1}{\376\377\150\007\121\306\225\031\213\357\170\001}{subsection.4.8}% 64
\BOOKMARK [3][-]{subsubsection.4.8.2}{\376\377\217\271\165\114\150\300\147\345\116\016\156\242\121\372\117\335\142\244}{subsection.4.8}% 65
\BOOKMARK [1][-]{section.5}{\376\377\000V\000i\000\040\177\026\217\221\126\150\220\002\221\115}{}% 66
\BOOKMARK [2][-]{subsection.5.1}{\376\377\171\373\151\015\200\314\146\157}{section.5}% 67
\BOOKMARK [2][-]{subsection.5.2}{\376\377\116\343\170\001\147\145\156\220}{section.5}% 68
\BOOKMARK [2][-]{subsection.5.3}{\376\377\220\002\221\115\135\345\117\134}{section.5}% 69
\BOOKMARK [3][-]{subsubsection.5.3.1}{\376\377\171\373\226\144\170\154\116\366\117\235\215\126}{subsection.5.3}% 70
\BOOKMARK [3][-]{subsubsection.5.3.2}{\376\377\145\207\116\366\174\373\176\337\000\040\000A\000P\000I\000\040\146\377\143\142}{subsection.5.3}% 71
\BOOKMARK [3][-]{subsubsection.5.3.3}{\376\377\176\310\172\357\131\004\164\006}{subsection.5.3}% 72
\BOOKMARK [3][-]{subsubsection.5.3.4}{\376\377\121\166\116\326\117\356\145\071}{subsection.5.3}% 73
\BOOKMARK [2][-]{subsection.5.4}{\376\377\122\237\200\375\232\214\213\301}{section.5}% 74
\BOOKMARK [2][-]{subsection.5.5}{\376\377\121\166\116\326\136\224\165\050}{section.5}% 75
\BOOKMARK [1][-]{section.6}{\376\377\140\073\176\323\116\016\134\125\147\033}{}% 76
\BOOKMARK [2][-]{subsection.6.1}{\376\377\135\345\117\134\140\073\176\323}{section.6}% 77
\BOOKMARK [3][-]{subsubsection.6.1.1}{\376\377\117\030\121\110\176\247\214\003\136\246\174\373\176\337}{subsection.6.1}% 78
\BOOKMARK [3][-]{subsubsection.6.1.2}{\376\377\000P\000O\000S\000I\000X\000\040\121\174\133\271\140\047\143\320\123\107}{subsection.6.1}% 79
\BOOKMARK [3][-]{subsubsection.6.1.3}{\376\377\116\343\170\001\215\050\221\317}{subsection.6.1}% 80
\BOOKMARK [2][-]{subsection.6.2}{\376\377\147\052\147\145\134\125\147\033}{section.6}% 81
\BOOKMARK [3][-]{subsubsection.6.2.1}{\376\377\122\237\200\375\133\214\125\204}{subsection.6.2}% 82
\BOOKMARK [3][-]{subsubsection.6.2.2}{\376\377\140\047\200\375\117\030\123\026}{subsection.6.2}% 83
\BOOKMARK [3][-]{subsubsection.6.2.3}{\376\377\155\113\213\325\116\016\145\207\150\143}{subsection.6.2}% 84
\BOOKMARK [2][-]{subsection.6.3}{\376\377\201\364\214\042}{section.6}% 85
\BOOKMARK [1][-]{subsection.6.3}{\376\377\123\302\200\003\145\207\163\056}{}% 86
